Using pre-set license
Built from '2021.1/staging' branch; Version is '2021.1.19f1 (5f5eb8bbdc25) revision 6250168'; Using compiler version '192528614'; Build Type 'Release'
OS: 'Windows 10 Home; OS build 19042.1237; Version 2009; 64bit' Language: 'nl' Physical Memory: 16231 MB
BatchMode: 1, IsHumanControllingUs: 0, StartBugReporterOnCrash: 0, Is64bit: 1, IsPro: 0

COMMAND LINE ARGUMENTS:
C:\Program Files\Unity\Hub\Editor\2021.1.19f1\Editor\Unity.exe
-adb2
-batchMode
-noUpm
-name
AssetImportWorker0
-projectPath
C:/Users/Gebruiker/Documents/GitHub/GameDesignWorkshops/Relief
-logFile
Logs/AssetImportWorker0.log
-srvPort
65118
Successfully changed project path to: C:/Users/Gebruiker/Documents/GitHub/GameDesignWorkshops/Relief
C:/Users/Gebruiker/Documents/GitHub/GameDesignWorkshops/Relief
Using Asset Import Pipeline V2.
Refreshing native plugins compatible for Editor in 38.22 ms, found 2 plugins.
Preloading 0 native plugins for Editor in 0.00 ms.
Initialize engine version: 2021.1.19f1 (5f5eb8bbdc25)
[Subsystems] Discovering subsystems at path C:/Program Files/Unity/Hub/Editor/2021.1.19f1/Editor/Data/Resources/UnitySubsystems
[Subsystems] Discovering subsystems at path C:/Users/Gebruiker/Documents/GitHub/GameDesignWorkshops/Relief/Assets
GfxDevice: creating device client; threaded=0; jobified=0
Direct3D:
    Version:  Direct3D 11.0 [level 11.1]
    Renderer: NVIDIA GeForce GTX 1660 Ti (ID=0x2191)
    Vendor:   NVIDIA
    VRAM:     5991 MB
    Driver:   26.21.14.4137
Initialize mono
Mono path[0] = 'C:/Program Files/Unity/Hub/Editor/2021.1.19f1/Editor/Data/Managed'
Mono path[1] = 'C:/Program Files/Unity/Hub/Editor/2021.1.19f1/Editor/Data/MonoBleedingEdge/lib/mono/unityjit'
Mono config path = 'C:/Program Files/Unity/Hub/Editor/2021.1.19f1/Editor/Data/MonoBleedingEdge/etc'
Using monoOptions --debugger-agent=transport=dt_socket,embedding=1,server=y,suspend=n,address=127.0.0.1:56080
Begin MonoManager ReloadAssembly
Registering precompiled unity dll's ...
Register platform support module: C:/Program Files/Unity/Hub/Editor/2021.1.19f1/Editor/Data/PlaybackEngines/WindowsStandaloneSupport/UnityEditor.WindowsStandalone.Extensions.dll
Registered in 0.002601 seconds.
Native extension for WindowsStandalone target not found
Refreshing native plugins compatible for Editor in 30.63 ms, found 2 plugins.
Preloading 0 native plugins for Editor in 0.00 ms.
Mono: successfully reloaded assembly
- Completed reload, in  1.230 seconds
Domain Reload Profiling:
	ReloadAssembly (1230ms)
		BeginReloadAssembly (74ms)
			ExecutionOrderSort (0ms)
			DisableScriptedObjects (0ms)
			BackupInstance (0ms)
			ReleaseScriptingObjects (0ms)
			CreateAndSetChildDomain (1ms)
		EndReloadAssembly (387ms)
			LoadAssemblies (72ms)
			RebuildTransferFunctionScriptingTraits (0ms)
			SetupTypeCache (156ms)
			ReleaseScriptCaches (0ms)
			RebuildScriptCaches (29ms)
			SetupLoadedEditorAssemblies (157ms)
				LogAssemblyErrors (0ms)
				InitializePlatformSupportModulesInManaged (6ms)
				SetLoadedEditorAssemblies (0ms)
				RefreshPlugins (31ms)
				BeforeProcessingInitializeOnLoad (1ms)
				ProcessInitializeOnLoadAttributes (91ms)
				ProcessInitializeOnLoadMethodAttributes (28ms)
				AfterProcessingInitializeOnLoad (0ms)
				EditorAssembliesLoaded (0ms)
			ExecutionOrderSort2 (0ms)
			AwakeInstancesAfterBackupRestoration (0ms)
Platform modules already initialized, skipping
Registering precompiled user dll's ...
Registered in 0.006292 seconds.
Begin MonoManager ReloadAssembly
Native extension for WindowsStandalone target not found
Refreshing native plugins compatible for Editor in 29.20 ms, found 2 plugins.
Preloading 0 native plugins for Editor in 0.00 ms.
Mono: successfully reloaded assembly
- Completed reload, in  1.341 seconds
Domain Reload Profiling:
	ReloadAssembly (1341ms)
		BeginReloadAssembly (159ms)
			ExecutionOrderSort (0ms)
			DisableScriptedObjects (4ms)
			BackupInstance (0ms)
			ReleaseScriptingObjects (0ms)
			CreateAndSetChildDomain (18ms)
		EndReloadAssembly (1121ms)
			LoadAssemblies (108ms)
			RebuildTransferFunctionScriptingTraits (0ms)
			SetupTypeCache (288ms)
			ReleaseScriptCaches (0ms)
			RebuildScriptCaches (42ms)
			SetupLoadedEditorAssemblies (605ms)
				LogAssemblyErrors (0ms)
				InitializePlatformSupportModulesInManaged (4ms)
				SetLoadedEditorAssemblies (0ms)
				RefreshPlugins (29ms)
				BeforeProcessingInitializeOnLoad (48ms)
				ProcessInitializeOnLoadAttributes (511ms)
				ProcessInitializeOnLoadMethodAttributes (4ms)
				AfterProcessingInitializeOnLoad (9ms)
				EditorAssembliesLoaded (0ms)
			ExecutionOrderSort2 (0ms)
			AwakeInstancesAfterBackupRestoration (8ms)
Platform modules already initialized, skipping
========================================================================
Worker process is ready to serve import requests
Launched and connected shader compiler UnityShaderCompiler.exe after 0.05 seconds
Refreshing native plugins compatible for Editor in 0.30 ms, found 2 plugins.
Preloading 0 native plugins for Editor in 0.00 ms.
Unloading 1597 Unused Serialized files (Serialized files now loaded: 0)
System memory in use before: 94.2 MB.
System memory in use after: 94.2 MB.

Unloading 28 unused Assets to reduce memory usage. Loaded Objects now: 2079.
Total: 2.700700 ms (FindLiveObjects: 0.115400 ms CreateObjectMapping: 0.041800 ms MarkObjects: 2.432900 ms  DeleteObjects: 0.109900 ms)

AssetImportParameters requested are different than current active one (requested -> active):
  custom:framework-win-MediaFoundation: 216162199b28c13a410421893ffa2e32 -> 
  custom:video-decoder-ogg-theora: a1e56fd34408186e4bbccfd4996cb3dc -> 
  custom:container-muxer-webm: aa71ff27fc2769a1b78a27578f13a17b -> 
  custom:container-demuxer-webm: 4f35f7cbe854078d1ac9338744f61a02 -> 
  custom:container-demuxer-ogg: 62fdf1f143b41e24485cea50d1cbac27 -> 
  custom:video-encoder-webm-vp8: eb34c28f22e8b96e1ab97ce403110664 -> 
  custom:video-decoder-webm-vp8: 9c59270c3fd7afecdb556c50c9e8de78 -> 
  custom:audio-decoder-ogg-vorbis: bf7c407c2cedff20999df2af8eb42d56 -> 
  custom:audio-encoder-webm-vorbis: bf7c407c2cedff20999df2af8eb42d56 -> 
========================================================================
Received Import Request.
  path: Assets/bombmaterialed.fbx
  artifactKey: Guid(8cd2a0e48d3dd8d43b2efdf1fb4516fb) Importer(815301076,1909f56bfc062723c751e8b465ee728b)
Start importing Assets/bombmaterialed.fbx using Guid(8cd2a0e48d3dd8d43b2efdf1fb4516fb) Importer(815301076,1909f56bfc062723c751e8b465ee728b)  -> (artifact id: 'aa85e64073382a364ec32e42097d7e11') in 0.374310 seconds 
========================================================================
Received Import Request.
  Time since last request: 0.000217 seconds.
  path: Assets/Path2 1.terrainlayer
  artifactKey: Guid(e05254451dca8fb4e89a34454a8d14fa) Importer(815301076,1909f56bfc062723c751e8b465ee728b)
Start importing Assets/Path2 1.terrainlayer using Guid(e05254451dca8fb4e89a34454a8d14fa) Importer(815301076,1909f56bfc062723c751e8b465ee728b)  -> (artifact id: '8778c29ac12519e28859b160c20cd620') in 0.027906 seconds 
========================================================================
Received Import Request.
  Time since last request: 0.000234 seconds.
  path: Assets/Path2.terrainlayer
  artifactKey: Guid(acdb9b3408fb48f429b57b1af2000ab1) Importer(815301076,1909f56bfc062723c751e8b465ee728b)
Start importing Assets/Path2.terrainlayer using Guid(acdb9b3408fb48f429b57b1af2000ab1) Importer(815301076,1909f56bfc062723c751e8b465ee728b)  -> (artifact id: '15ead21e191f0f741d48a890411c4c9b') in 0.014822 seconds 
========================================================================
Received Import Request.
  Time since last request: 0.000158 seconds.
  path: Assets/TerrainData_3f29f0e8-f17e-4599-bdbb-927e9e81428e.asset
  artifactKey: Guid(9a5b895892ca7e44badb46b4f83ea557) Importer(815301076,1909f56bfc062723c751e8b465ee728b)
Start importing Assets/TerrainData_3f29f0e8-f17e-4599-bdbb-927e9e81428e.asset using Guid(9a5b895892ca7e44badb46b4f83ea557) Importer(815301076,1909f56bfc062723c751e8b465ee728b)  -> (artifact id: 'e3d58b9a013baaf1814f901ca5b14379') in 0.013779 seconds 
========================================================================
Received Import Request.
  Time since last request: 0.000235 seconds.
  path: Assets/TerrainData_3f096b23-79c8-40fb-bb75-f9c1e918b1ea.asset
  artifactKey: Guid(3d9b03e598f23044c98a9eb5f38e73f6) Importer(815301076,1909f56bfc062723c751e8b465ee728b)
Start importing Assets/TerrainData_3f096b23-79c8-40fb-bb75-f9c1e918b1ea.asset using Guid(3d9b03e598f23044c98a9eb5f38e73f6) Importer(815301076,1909f56bfc062723c751e8b465ee728b)  -> (artifact id: 'f672faa6a630ad438d05cae5bb227bbf') in 0.010024 seconds 
========================================================================
Received Import Request.
  Time since last request: 0.000290 seconds.
  path: Assets/New Terrain.asset
  artifactKey: Guid(a8bdd9c640f87fa4eb140ba696ecf1b6) Importer(815301076,1909f56bfc062723c751e8b465ee728b)
Start importing Assets/New Terrain.asset using Guid(a8bdd9c640f87fa4eb140ba696ecf1b6) Importer(815301076,1909f56bfc062723c751e8b465ee728b) The tree Oak_Tree must use the Nature/Soft Occlusion shader. Otherwise billboarding/lighting will not work correctly.
 -> (artifact id: 'e7fc0a83818197b610ad68a8001c3502') in 0.029640 seconds 
========================================================================
Received Import Request.
  Time since last request: 0.000215 seconds.
  path: Assets/sand.terrainlayer
  artifactKey: Guid(98ca5b60efda28248bb57042437bdec0) Importer(815301076,1909f56bfc062723c751e8b465ee728b)
Start importing Assets/sand.terrainlayer using Guid(98ca5b60efda28248bb57042437bdec0) Importer(815301076,1909f56bfc062723c751e8b465ee728b)  -> (artifact id: 'fdd82e52bd61eb203f8d6920c2218ed1') in 0.013237 seconds 
========================================================================
Received Import Request.
  Time since last request: 0.000348 seconds.
  path: Assets/Grass.terrainlayer
  artifactKey: Guid(bac534d4235f8ba40b5694b213341eba) Importer(815301076,1909f56bfc062723c751e8b465ee728b)
Start importing Assets/Grass.terrainlayer using Guid(bac534d4235f8ba40b5694b213341eba) Importer(815301076,1909f56bfc062723c751e8b465ee728b)  -> (artifact id: '9bbc44756484af1b9d71e68e98d2bd9f') in 0.014393 seconds 
========================================================================
Received Import Request.
  Time since last request: 0.000247 seconds.
  path: Assets/Path.terrainlayer
  artifactKey: Guid(0eb5dafa22708ae4f95b3f8885c08d1a) Importer(815301076,1909f56bfc062723c751e8b465ee728b)
Start importing Assets/Path.terrainlayer using Guid(0eb5dafa22708ae4f95b3f8885c08d1a) Importer(815301076,1909f56bfc062723c751e8b465ee728b)  -> (artifact id: '14bf03cf8f582d872b16d07d33b4e29f') in 0.013885 seconds 
AssetImportWorkerClient::OnTransportError - code=2 error=End of file
